<?xml version="1.0" encoding="UTF-8" standalone="yes" ?>
<test-results name="C:\Users\lucas\Exercism\delphi\two-fer\twofer.exe" total="1" errors="0" failures="0" ignored="2" inconclusive="0" not-run="2" skipped="0" invalid="0" date="2022-10-17" time="0.000">
  <culture-info current-culture="en" current-uiculture="en" />
  <test-suite type="Assembly" name="twofer.exe" executed="true" result="Success" success="True" time="0.000" asserts="0">
    <results>
        <test-suite type="Namespace" name="utwoferTests" executed="true" result="Success" success="True" time="0.000" asserts="0" >
          <results>
              <test-suite type="Fixture" name="twoferTest" executed="True" result="Success" success="True" time="0.000" >
                <results>
                  <test-case name="No_name_given" executed="True" result="Success" success="True" time="0.000" asserts="0" />
                  <test-case name="A_name_given" executed="False" result="Ignored"  time="0.000" asserts="0" >
                    <reason>
                      <message>
                        <![CDATA[  ]]>
                      </message>
                    </reason>
                  </test-case>
                  <test-case name="Another_name_given" executed="False" result="Ignored"  time="0.000" asserts="0" >
                    <reason>
                      <message>
                        <![CDATA[  ]]>
                      </message>
                    </reason>
                  </test-case>
                </results>
              </test-suite>
          </results>
        </test-suite>
    </results>
  </test-suite>
</test-results>
