<?xml version="1.0" encoding="UTF-8" standalone="yes" ?>
<test-results name="C:\Users\lucas\Exercism\delphi\gigasecond\Gigasecond.exe" total="1" errors="0" failures="0" ignored="4" inconclusive="0" not-run="4" skipped="0" invalid="0" date="2022-10-17" time="0.000">
  <culture-info current-culture="en" current-uiculture="en" />
  <test-suite type="Assembly" name="Gigasecond.exe" executed="true" result="Success" success="True" time="0.000" asserts="0">
    <results>
        <test-suite type="Namespace" name="uGigasecondTests" executed="true" result="Success" success="True" time="0.000" asserts="0" >
          <results>
              <test-suite type="Fixture" name="TGigasecondTest" executed="True" result="Success" success="True" time="0.000" >
                <results>
                  <test-case name="date_only_specification_of_time" executed="True" result="Success" success="True" time="0.000" asserts="0" />
                  <test-case name="second_test_for_date_only_specification_of_time" executed="False" result="Ignored"  time="0.000" asserts="0" >
                    <reason>
                      <message>
                        <![CDATA[  ]]>
                      </message>
                    </reason>
                  </test-case>
                  <test-case name="third_test_for_date_only_specification_of_time" executed="False" result="Ignored"  time="0.000" asserts="0" >
                    <reason>
                      <message>
                        <![CDATA[  ]]>
                      </message>
                    </reason>
                  </test-case>
                  <test-case name="full_time_specified" executed="False" result="Ignored"  time="0.000" asserts="0" >
                    <reason>
                      <message>
                        <![CDATA[  ]]>
                      </message>
                    </reason>
                  </test-case>
                  <test-case name="full_time_with_day_roll_over" executed="False" result="Ignored"  time="0.000" asserts="0" >
                    <reason>
                      <message>
                        <![CDATA[  ]]>
                      </message>
                    </reason>
                  </test-case>
                </results>
              </test-suite>
          </results>
        </test-suite>
    </results>
  </test-suite>
</test-results>
