<?xml version="1.0" encoding="UTF-8" standalone="yes" ?>
<test-results name="C:\Users\lucas\Exercism\delphi\resistor-color\ResistorColor.exe" total="1" errors="0" failures="0" ignored="3" inconclusive="0" not-run="3" skipped="0" invalid="0" date="2022-10-18" time="0.000">
  <culture-info current-culture="en" current-uiculture="en" />
  <test-suite type="Assembly" name="ResistorColor.exe" executed="true" result="Success" success="True" time="0.000" asserts="0">
    <results>
        <test-suite type="Namespace" name="uResistorColorTests" executed="true" result="Success" success="True" time="0.000" asserts="0" >
          <results>
              <test-suite type="Fixture" name="Color Codes" executed="True" result="Success" success="True" time="0.000" >
                <results>
                  <test-case name="Black" executed="True" result="Success" success="True" time="0.000" asserts="0" />
                  <test-case name="White" executed="False" result="Ignored"  time="0.000" asserts="0" >
                    <reason>
                      <message>
                        <![CDATA[  ]]>
                      </message>
                    </reason>
                  </test-case>
                  <test-case name="Orange" executed="False" result="Ignored"  time="0.000" asserts="0" >
                    <reason>
                      <message>
                        <![CDATA[  ]]>
                      </message>
                    </reason>
                  </test-case>
                </results>
              </test-suite>
          </results>
        </test-suite>
        <test-suite type="Fixture" name="Colors" executed="True" result="Success" success="True" time="0.000" >
          <results>
            <test-case name="Colors" executed="False" result="Ignored"  time="0.000" asserts="0" >
              <reason>
                <message>
                  <![CDATA[  ]]>
                </message>
              </reason>
            </test-case>
          </results>
        </test-suite>
    </results>
  </test-suite>
</test-results>
