<?xml version="1.0" encoding="UTF-8" standalone="yes" ?>
<test-results name="C:\Users\lucas\Exercism\delphi\space-age\SpaceAge.exe" total="1" errors="0" failures="0" ignored="7" inconclusive="0" not-run="7" skipped="0" invalid="0" date="2022-10-18" time="0.000">
  <culture-info current-culture="en" current-uiculture="en" />
  <test-suite type="Assembly" name="SpaceAge.exe" executed="true" result="Success" success="True" time="0.000" asserts="0">
    <results>
        <test-suite type="Namespace" name="uSpaceAgeTests" executed="true" result="Success" success="True" time="0.000" asserts="0" >
          <results>
              <test-suite type="Fixture" name="SpaceAgeTests" executed="True" result="Success" success="True" time="0.000" >
                <results>
                  <test-case name="Age_on_earth" executed="True" result="Success" success="True" time="0.000" asserts="0" />
                  <test-case name="Age_on_mercury" executed="False" result="Ignored"  time="0.000" asserts="0" >
                    <reason>
                      <message>
                        <![CDATA[  ]]>
                      </message>
                    </reason>
                  </test-case>
                  <test-case name="Age_on_venus" executed="False" result="Ignored"  time="0.000" asserts="0" >
                    <reason>
                      <message>
                        <![CDATA[  ]]>
                      </message>
                    </reason>
                  </test-case>
                  <test-case name="Age_on_mars" executed="False" result="Ignored"  time="0.000" asserts="0" >
                    <reason>
                      <message>
                        <![CDATA[  ]]>
                      </message>
                    </reason>
                  </test-case>
                  <test-case name="Age_on_jupiter" executed="False" result="Ignored"  time="0.000" asserts="0" >
                    <reason>
                      <message>
                        <![CDATA[  ]]>
                      </message>
                    </reason>
                  </test-case>
                  <test-case name="Age_on_saturn" executed="False" result="Ignored"  time="0.000" asserts="0" >
                    <reason>
                      <message>
                        <![CDATA[  ]]>
                      </message>
                    </reason>
                  </test-case>
                  <test-case name="Age_on_uranus" executed="False" result="Ignored"  time="0.000" asserts="0" >
                    <reason>
                      <message>
                        <![CDATA[  ]]>
                      </message>
                    </reason>
                  </test-case>
                  <test-case name="Age_on_neptune" executed="False" result="Ignored"  time="0.000" asserts="0" >
                    <reason>
                      <message>
                        <![CDATA[  ]]>
                      </message>
                    </reason>
                  </test-case>
                </results>
              </test-suite>
          </results>
        </test-suite>
    </results>
  </test-suite>
</test-results>
